Determining if the pthread_create exist failed with the following output:
Change Dir: /home/xiaozl/bluefox2/CMakeFiles/CMakeTmp

Run Build Command:"/usr/bin/make" "cmTC_5c819/fast"
/usr/bin/make -f CMakeFiles/cmTC_5c819.dir/build.make CMakeFiles/cmTC_5c819.dir/build
make[1]: Entering directory '/home/xiaozl/bluefox2/CMakeFiles/CMakeTmp'
Building C object CMakeFiles/cmTC_5c819.dir/CheckSymbolExists.c.o
/usr/bin/cc     -o CMakeFiles/cmTC_5c819.dir/CheckSymbolExists.c.o   -c /home/xiaozl/bluefox2/CMakeFiles/CMakeTmp/CheckSymbolExists.c
Linking C executable cmTC_5c819
/usr/bin/cmake -E cmake_link_script CMakeFiles/cmTC_5c819.dir/link.txt --verbose=1
/usr/bin/cc       CMakeFiles/cmTC_5c819.dir/CheckSymbolExists.c.o  -o cmTC_5c819 -rdynamic 
CMakeFiles/cmTC_5c819.dir/CheckSymbolExists.c.o：在函数‘main’中：
CheckSymbolExists.c:(.text+0x16)：对‘pthread_create’未定义的引用
collect2: error: ld returned 1 exit status
CMakeFiles/cmTC_5c819.dir/build.make:97: recipe for target 'cmTC_5c819' failed
make[1]: *** [cmTC_5c819] Error 1
make[1]: Leaving directory '/home/xiaozl/bluefox2/CMakeFiles/CMakeTmp'
Makefile:126: recipe for target 'cmTC_5c819/fast' failed
make: *** [cmTC_5c819/fast] Error 2

File /home/xiaozl/bluefox2/CMakeFiles/CMakeTmp/CheckSymbolExists.c:
/* */
#include <pthread.h>

int main(int argc, char** argv)
{
  (void)argv;
#ifndef pthread_create
  return ((int*)(&pthread_create))[argc];
#else
  (void)argc;
  return 0;
#endif
}

Determining if the function pthread_create exists in the pthreads failed with the following output:
Change Dir: /home/xiaozl/bluefox2/CMakeFiles/CMakeTmp

Run Build Command:"/usr/bin/make" "cmTC_1a9e1/fast"
/usr/bin/make -f CMakeFiles/cmTC_1a9e1.dir/build.make CMakeFiles/cmTC_1a9e1.dir/build
make[1]: Entering directory '/home/xiaozl/bluefox2/CMakeFiles/CMakeTmp'
Building C object CMakeFiles/cmTC_1a9e1.dir/CheckFunctionExists.c.o
/usr/bin/cc    -DCHECK_FUNCTION_EXISTS=pthread_create   -o CMakeFiles/cmTC_1a9e1.dir/CheckFunctionExists.c.o   -c /usr/share/cmake-3.5/Modules/CheckFunctionExists.c
Linking C executable cmTC_1a9e1
/usr/bin/cmake -E cmake_link_script CMakeFiles/cmTC_1a9e1.dir/link.txt --verbose=1
/usr/bin/cc   -DCHECK_FUNCTION_EXISTS=pthread_create    CMakeFiles/cmTC_1a9e1.dir/CheckFunctionExists.c.o  -o cmTC_1a9e1 -rdynamic -lpthreads 
/usr/bin/ld: 找不到 -lpthreads
collect2: error: ld returned 1 exit status
CMakeFiles/cmTC_1a9e1.dir/build.make:97: recipe for target 'cmTC_1a9e1' failed
make[1]: *** [cmTC_1a9e1] Error 1
make[1]: Leaving directory '/home/xiaozl/bluefox2/CMakeFiles/CMakeTmp'
Makefile:126: recipe for target 'cmTC_1a9e1/fast' failed
make: *** [cmTC_1a9e1/fast] Error 2


